0 info it worked if it ends with ok
1 verbose cli [ '/usr/local/bin/node',
1 verbose cli   '/usr/local/bin/npm',
1 verbose cli   'run',
1 verbose cli   'firebase-add' ]
2 info using npm@3.10.10
3 info using node@v6.10.2
4 verbose run-script [ 'prefirebase-add', 'firebase-add', 'postfirebase-add' ]
5 info lifecycle github-battle@1.0.0~prefirebase-add: github-battle@1.0.0
6 silly lifecycle github-battle@1.0.0~prefirebase-add: no script for prefirebase-add, continuing
7 info lifecycle github-battle@1.0.0~firebase-add: github-battle@1.0.0
8 verbose lifecycle github-battle@1.0.0~firebase-add: unsafe-perm in lifecycle true
9 verbose lifecycle github-battle@1.0.0~firebase-add: PATH: /usr/local/lib/node_modules/npm/bin/node-gyp-bin:/Users/Kratos/Desktop/github-battle/node_modules/.bin:/usr/local/bin:/usr/bin:/bin:/usr/sbin:/sbin:/opt/X11/bin:/usr/local/share/dotnet:/Library/Frameworks/Mono.framework/Versions/Current/Commands:/usr/local/sbin:/usr/local/lib/dnx/runtimes/dnx-coreclr-darwin-x64.1.0.0-rc1-update1/bin:/Users/Kratos/.dnx/bin:/Library/Frameworks/Python.framework/Versions/2.7/bin
10 verbose lifecycle github-battle@1.0.0~firebase-add: CWD: /Users/Kratos/Desktop/github-battle
11 silly lifecycle github-battle@1.0.0~firebase-add: Args: [ '-c', 'firebase use --add github-battle' ]
12 silly lifecycle github-battle@1.0.0~firebase-add: Returned: code: 1  signal: null
13 info lifecycle github-battle@1.0.0~firebase-add: Failed to exec firebase-add script
14 verbose stack Error: github-battle@1.0.0 firebase-add: `firebase use --add github-battle`
14 verbose stack Exit status 1
14 verbose stack     at EventEmitter.<anonymous> (/usr/local/lib/node_modules/npm/lib/utils/lifecycle.js:255:16)
14 verbose stack     at emitTwo (events.js:106:13)
14 verbose stack     at EventEmitter.emit (events.js:191:7)
14 verbose stack     at ChildProcess.<anonymous> (/usr/local/lib/node_modules/npm/lib/utils/spawn.js:40:14)
14 verbose stack     at emitTwo (events.js:106:13)
14 verbose stack     at ChildProcess.emit (events.js:191:7)
14 verbose stack     at maybeClose (internal/child_process.js:886:16)
14 verbose stack     at Process.ChildProcess._handle.onexit (internal/child_process.js:226:5)
15 verbose pkgid github-battle@1.0.0
16 verbose cwd /Users/Kratos/Desktop/github-battle/app
17 error Darwin 16.5.0
18 error argv "/usr/local/bin/node" "/usr/local/bin/npm" "run" "firebase-add"
19 error node v6.10.2
20 error npm  v3.10.10
21 error code ELIFECYCLE
22 error github-battle@1.0.0 firebase-add: `firebase use --add github-battle`
22 error Exit status 1
23 error Failed at the github-battle@1.0.0 firebase-add script 'firebase use --add github-battle'.
23 error Make sure you have the latest version of node.js and npm installed.
23 error If you do, this is most likely a problem with the github-battle package,
23 error not with npm itself.
23 error Tell the author that this fails on your system:
23 error     firebase use --add github-battle
23 error You can get information on how to open an issue for this project with:
23 error     npm bugs github-battle
23 error Or if that isn't available, you can get their info via:
23 error     npm owner ls github-battle
23 error There is likely additional logging output above.
24 verbose exit [ 1, true ]
